<?xml version="1.0" encoding="UTF-8"?>
<!-- Generated by org.testng.reporters.JUnitXMLReporter -->
<testsuite hostname="Ravi.local" ignored="0" name="filefox" tests="10" failures="0" timestamp="11 Jul 2020 14:20:14 GMT" time="8.317" errors="0">
  <testcase name="@BeforeMethod setup" time="0.0" classname="com.parallel.test.base">
    <failure type="org.openqa.selenium.InvalidArgumentException" message="Malformed URL: URL constructor: www.google.com is not a valid URL.
Build info: version: &amp;apos;3.141.5&amp;apos;, revision: &amp;apos;d54ebd709a&amp;apos;, time: &amp;apos;2018-11-06T11:42:16&amp;apos;
System info: host: &amp;apos;Ravi.local&amp;apos;, ip: &amp;apos;fe80:0:0:0:cff:424e:eb5c:fd90%en0&amp;apos;, os.name: &amp;apos;Mac OS X&amp;apos;, os.arch: &amp;apos;x86_64&amp;apos;, os.version: &amp;apos;10.15.5&amp;apos;, java.version: &amp;apos;1.8.0_211&amp;apos;
Driver info: org.openqa.selenium.firefox.FirefoxDriver
Capabilities {acceptInsecureCerts: true, browserName: firefox, browserVersion: 78.0.1, javascriptEnabled: true, moz:accessibilityChecks: false, moz:buildID: 20200630195452, moz:geckodriverVersion: 0.26.0, moz:headless: false, moz:processID: 11698, moz:profile: /var/folders/dc/80cj0yvd1_q..., moz:shutdownTimeout: 60000, moz:useNonSpecCompliantPointerOrigin: false, moz:webdriverClick: true, pageLoadStrategy: normal, platform: MAC, platformName: MAC, platformVersion: 19.5.0, rotatable: false, setWindowRect: true, strictFileInteractability: false, timeouts: {implicit: 0, pageLoad: 300000, script: 30000}, unhandledPromptBehavior: dismiss and notify}
Session ID: 1dccb9b7-11ef-034e-922c-b3a7ddc1252d">
      <![CDATA[org.openqa.selenium.InvalidArgumentException: Malformed URL: URL constructor: www.google.com is not a valid URL.
Build info: version: '3.141.5', revision: 'd54ebd709a', time: '2018-11-06T11:42:16'
System info: host: 'Ravi.local', ip: 'fe80:0:0:0:cff:424e:eb5c:fd90%en0', os.name: 'Mac OS X', os.arch: 'x86_64', os.version: '10.15.5', java.version: '1.8.0_211'
Driver info: org.openqa.selenium.firefox.FirefoxDriver
Capabilities {acceptInsecureCerts: true, browserName: firefox, browserVersion: 78.0.1, javascriptEnabled: true, moz:accessibilityChecks: false, moz:buildID: 20200630195452, moz:geckodriverVersion: 0.26.0, moz:headless: false, moz:processID: 11698, moz:profile: /var/folders/dc/80cj0yvd1_q..., moz:shutdownTimeout: 60000, moz:useNonSpecCompliantPointerOrigin: false, moz:webdriverClick: true, pageLoadStrategy: normal, platform: MAC, platformName: MAC, platformVersion: 19.5.0, rotatable: false, setWindowRect: true, strictFileInteractability: false, timeouts: {implicit: 0, pageLoad: 300000, script: 30000}, unhandledPromptBehavior: dismiss and notify}
Session ID: 1dccb9b7-11ef-034e-922c-b3a7ddc1252d
	at org.openqa.selenium.remote.http.W3CHttpResponseCodec.createException(W3CHttpResponseCodec.java:187)
	at org.openqa.selenium.remote.http.W3CHttpResponseCodec.decode(W3CHttpResponseCodec.java:122)
	at org.openqa.selenium.remote.http.W3CHttpResponseCodec.decode(W3CHttpResponseCodec.java:49)
	at org.openqa.selenium.remote.HttpCommandExecutor.execute(HttpCommandExecutor.java:158)
	at org.openqa.selenium.remote.service.DriverCommandExecutor.execute(DriverCommandExecutor.java:83)
	at org.openqa.selenium.remote.RemoteWebDriver.execute(RemoteWebDriver.java:552)
	at org.openqa.selenium.remote.RemoteWebDriver.get(RemoteWebDriver.java:277)
	at com.parallel.test.base.passUrl(base.java:38)
	at com.parallel.test.base.setup(base.java:33)
	at java.util.concurrent.FutureTask.run(FutureTask.java:266)
	at java.util.concurrent.ThreadPoolExecutor.runWorker(ThreadPoolExecutor.java:1149)
	at java.util.concurrent.ThreadPoolExecutor$Worker.run(ThreadPoolExecutor.java:624)
	at java.lang.Thread.run(Thread.java:748)
... Removed 22 stack frames]]>
    </failure>
  </testcase> <!-- @BeforeMethod setup -->
  <testcase name="@BeforeMethod setup" time="0.0" classname="com.parallel.test.base">
    <skipped/>
  </testcase> <!-- @BeforeMethod setup -->
  <testcase name="@BeforeMethod setup" time="0.0" classname="com.parallel.test.base">
    <skipped/>
  </testcase> <!-- @BeforeMethod setup -->
  <testcase name="@BeforeMethod setup" time="0.0" classname="com.parallel.test.base">
    <skipped/>
  </testcase> <!-- @BeforeMethod setup -->
  <testcase name="@BeforeMethod setup" time="0.0" classname="com.parallel.test.base">
    <skipped/>
  </testcase> <!-- @BeforeMethod setup -->
  <testcase name="@BeforeMethod setup" time="0.0" classname="com.parallel.test.base">
    <skipped/>
  </testcase> <!-- @BeforeMethod setup -->
  <testcase name="@BeforeMethod setup" time="0.0" classname="com.parallel.test.base">
    <skipped/>
  </testcase> <!-- @BeforeMethod setup -->
  <testcase name="@BeforeMethod setup" time="0.0" classname="com.parallel.test.base">
    <skipped/>
  </testcase> <!-- @BeforeMethod setup -->
  <testcase name="@BeforeMethod setup" time="0.0" classname="com.parallel.test.base">
    <skipped/>
  </testcase> <!-- @BeforeMethod setup -->
  <testcase name="@BeforeMethod setup" time="0.0" classname="com.parallel.test.base">
    <skipped/>
  </testcase> <!-- @BeforeMethod setup -->
  <testcase name="passUrl" time="0.001" classname="com.parallel.test.base">
    <skipped/>
  </testcase> <!-- passUrl -->
  <testcase name="tc_1" time="0.005" classname="com.parallel.test.parallelTestExecution">
    <skipped/>
  </testcase> <!-- tc_1 -->
  <testcase name="tc_2" time="0.001" classname="com.parallel.test.parallelTestExecution">
    <skipped/>
  </testcase> <!-- tc_2 -->
  <testcase name="tc_3" time="0.002" classname="com.parallel.test.parallelTestExecution">
    <skipped/>
  </testcase> <!-- tc_3 -->
  <testcase name="tc_4" time="0.004" classname="com.parallel.test.parallelTestExecution">
    <skipped/>
  </testcase> <!-- tc_4 -->
  <testcase name="passUrl" time="0.0" classname="com.parallel.test.base">
    <skipped/>
  </testcase> <!-- passUrl -->
  <testcase name="tc_5" time="0.0" classname="com.parallel.test.parallelTestExecution1">
    <skipped/>
  </testcase> <!-- tc_5 -->
  <testcase name="tc_6" time="0.0" classname="com.parallel.test.parallelTestExecution1">
    <skipped/>
  </testcase> <!-- tc_6 -->
  <testcase name="tc_7" time="0.001" classname="com.parallel.test.parallelTestExecution1">
    <skipped/>
  </testcase> <!-- tc_7 -->
  <testcase name="tc_8" time="0.001" classname="com.parallel.test.parallelTestExecution1">
    <skipped/>
  </testcase> <!-- tc_8 -->
</testsuite> <!-- filefox -->
